app/build/intermediates/manifest_merge_blame_file/debug/manifest-merger-blame-debug-report.txt
1<?xml version="1.0" encoding="utf-8"?>
2<manifest xmlns:android="http://schemas.android.com/apk/res/android"
3    package="com.yogehi.letmescreenshot"
4    android:versionCode="1"
5    android:versionName="1.0" >
6
7    <uses-sdk
8        android:minSdkVersion="23"
8-->src\main\AndroidManifest.xml
9        android:targetSdkVersion="33" />
9-->src\main\AndroidManifest.xml
10
11    <application
11-->src\main\AndroidManifest.xml:3:5-15:19
12        android:allowBackup="true"
12-->src\main\AndroidManifest.xml:4:9-35
13        android:appComponentFactory="android.support.v4.app.CoreComponentFactory"
13-->[com.android.support:support-compat:28.0.0] AndroidManifest.xml:22:18-91
14        android:debuggable="true"
15        android:extractNativeLibs="false"
16        android:icon="@mipmap/ic_launcher"
16-->src\main\AndroidManifest.xml:5:9-43
17        android:label="@string/app_name"
17-->src\main\AndroidManifest.xml:6:9-41
18        android:roundIcon="@mipmap/ic_launcher_round"
18-->src\main\AndroidManifest.xml:7:9-54
19        android:supportsRtl="true"
19-->src\main\AndroidManifest.xml:8:9-35
20        android:testOnly="true"
21        android:theme="@style/AppTheme" >
21-->src\main\AndroidManifest.xml:9:9-40
22        <meta-data
22-->src\main\AndroidManifest.xml:11:9-70
23            android:name="xposedmodule"
23-->src\main\AndroidManifest.xml:11:20-47
24            android:value="true" />
24-->src\main\AndroidManifest.xml:11:48-68
25        <meta-data
25-->src\main\AndroidManifest.xml:12:9-177
26            android:name="xposeddescription"
26-->src\main\AndroidManifest.xml:12:20-52
27            android:value="Attempts to disable any security configurations that may be present that disables the screenshot function." />
27-->src\main\AndroidManifest.xml:12:53-175
28        <meta-data
28-->src\main\AndroidManifest.xml:13:9-72
29            android:name="xposedminversion"
29-->src\main\AndroidManifest.xml:13:20-51
30            android:value="53" />
30-->src\main\AndroidManifest.xml:13:52-70
31    </application>
32
33</manifest>